<?xml version="1.0" encoding="UTF-8"?>
<testng-results skipped="0" failed="2" total="3" passed="1">
  <reporter-output>
  </reporter-output>
  <suite name="Default suite" duration-ms="56394" started-at="2016-06-30T22:08:24Z" finished-at="2016-06-30T22:09:21Z">
    <groups>
    </groups>
    <test name="Default test" duration-ms="56394" started-at="2016-06-30T22:08:24Z" finished-at="2016-06-30T22:09:21Z">
      <class name="testPackage.QAAutomation1">
        <test-method status="PASS" signature="setUp()[pri:0, instance:testPackage.QAAutomation1@5442a311]" name="setUp" is-config="true" duration-ms="6" started-at="2016-06-30T16:08:24Z" finished-at="2016-06-30T16:08:24Z">
          <reporter-output>
          </reporter-output>
        </test-method> <!-- setUp -->
        <test-method status="PASS" signature="verifyChrome()[pri:0, instance:testPackage.QAAutomation1@5442a311]" name="verifyChrome" duration-ms="7979" started-at="2016-06-30T16:08:24Z" finished-at="2016-06-30T16:08:32Z">
          <reporter-output>
          </reporter-output>
        </test-method> <!-- verifyChrome -->
        <test-method status="FAIL" signature="verifyFirefox()[pri:0, instance:testPackage.QAAutomation1@5442a311]" name="verifyFirefox" duration-ms="46415" started-at="2016-06-30T16:08:32Z" finished-at="2016-06-30T16:09:19Z">
          <exception class="org.openqa.selenium.WebDriverException">
            <message>
              <![CDATA[Failed to connect to binary FirefoxBinary(C:\Program Files (x86)\Mozilla Firefox\firefox.exe) on port 7055; process output follows: 
,"syncGUID":"0kKin0kbEKhS","location":"app-global","version":"47.0.1","type":"theme","internalName":"classic/1.0","updateURL":null,"updateKey":null,"optionsURL":null,"optionsType":null,"aboutURL":null,"icons":{"32":"icon.png","48":"icon.png"},"iconURL":null,"icon64URL":null,"defaultLocale":{"name":"Default","description":"The default theme.","creator":"Mozilla","homepageURL":null,"contributors":["Mozilla Contributors"]},"visible":true,"active":true,"userDisabled":false,"appDisabled":false,"descriptor":"C:\\Program Files (x86)\\Mozilla Firefox\\browser\\extensions\\{972ce4c6-7e08-4474-a285-3208198ce6fd}.xpi","installDate":1467216475471,"updateDate":1467216475471,"applyBackgroundUpdates":1,"skinnable":true,"size":22012,"sourceURI":null,"releaseNotesURI":null,"softDisabled":false,"foreignInstall":false,"hasBinaryComponents":false,"strictCompatibility":true,"locales":[],"targetApplications":[{"id":"{ec8030f7-c20a-464f-9b0e-13a3a9e97384}","minVersion":"47.0.1","maxVersion":"47.0.1"}],"targetPlatforms":[],"seen":true}
1467324514204	addons.xpi	DEBUG	getModTime: Recursive scan of {972ce4c6-7e08-4474-a285-3208198ce6fd}
1467324514205	DeferredSave.extensions.json	DEBUG	Save changes
1467324514205	addons.xpi	DEBUG	Updating database with changes to installed add-ons
1467324514205	addons.xpi-utils	DEBUG	Updating add-on states
1467324514205	addons.xpi-utils	DEBUG	Writing add-ons list
1467324514208	addons.xpi	DEBUG	Registering manifest for C:\Program Files (x86)\Mozilla Firefox\browser\features\e10srollout@mozilla.org.xpi
1467324514208	addons.xpi	DEBUG	Calling bootstrap method startup on e10srollout@mozilla.org version 1.0
1467324514208	addons.xpi	DEBUG	Registering manifest for C:\Program Files (x86)\Mozilla Firefox\browser\features\firefox@getpocket.com.xpi
1467324514209	addons.xpi	DEBUG	Calling bootstrap method startup on firefox@getpocket.com version 1.0.2
1467324514209	addons.xpi	DEBUG	Registering manifest for C:\Program Files (x86)\Mozilla Firefox\browser\features\loop@mozilla.org.xpi
1467324514210	addons.xpi	DEBUG	Calling bootstrap method startup on loop@mozilla.org version 1.3.2
1467324514224	addons.manager	DEBUG	Registering shutdown blocker for XPIProvider
1467324514224	addons.manager	DEBUG	Provider finished startup: XPIProvider
1467324514224	addons.manager	DEBUG	Starting provider: LightweightThemeManager
1467324514224	addons.manager	DEBUG	Registering shutdown blocker for LightweightThemeManager
1467324514225	addons.manager	DEBUG	Provider finished startup: LightweightThemeManager
1467324514225	addons.manager	DEBUG	Starting provider: GMPProvider
1467324514229	addons.manager	DEBUG	Registering shutdown blocker for GMPProvider
1467324514229	addons.manager	DEBUG	Provider finished startup: GMPProvider
1467324514229	addons.manager	DEBUG	Starting provider: PluginProvider
1467324514229	addons.manager	DEBUG	Registering shutdown blocker for PluginProvider
1467324514229	addons.manager	DEBUG	Provider finished startup: PluginProvider
1467324514229	addons.manager	DEBUG	Completed startup sequence
1467324515864	addons.manager	DEBUG	Starting provider: <unnamed-provider>
1467324515864	addons.manager	DEBUG	Registering shutdown blocker for <unnamed-provider>
1467324515864	addons.manager	DEBUG	Provider finished startup: <unnamed-provider>
1467324515865	DeferredSave.extensions.json	DEBUG	Starting write
1467324516110	addons.repository	DEBUG	No addons.json found.
1467324516111	DeferredSave.addons.json	DEBUG	Save changes
1467324516113	DeferredSave.addons.json	DEBUG	Starting timer
1467324516126	addons.manager	DEBUG	Starting provider: PreviousExperimentProvider
1467324516126	addons.manager	DEBUG	Registering shutdown blocker for PreviousExperimentProvider
1467324516126	addons.manager	DEBUG	Provider finished startup: PreviousExperimentProvider
1467324516127	DeferredSave.extensions.json	DEBUG	Write succeeded
1467324516128	addons.xpi-utils	DEBUG	XPI Database saved, setting schema version preference to 17
1467324516386	DeferredSave.addons.json	DEBUG	Starting write
1467324516401	DeferredSave.addons.json	DEBUG	Write succeeded

Build info: version: '2.53.0', revision: '35ae25b', time: '2016-03-15 16:57:40'
System info: host: 'DESKTOP-P610HGG', ip: '10.1.10.146', os.name: 'Windows 10', os.arch: 'amd64', os.version: '10.0', java.version: '1.8.0_92'
Driver info: driver.version: FirefoxDriver]]>
            </message>
            <full-stacktrace>
              <![CDATA[org.openqa.selenium.WebDriverException: Failed to connect to binary FirefoxBinary(C:\Program Files (x86)\Mozilla Firefox\firefox.exe) on port 7055; process output follows: 
,"syncGUID":"0kKin0kbEKhS","location":"app-global","version":"47.0.1","type":"theme","internalName":"classic/1.0","updateURL":null,"updateKey":null,"optionsURL":null,"optionsType":null,"aboutURL":null,"icons":{"32":"icon.png","48":"icon.png"},"iconURL":null,"icon64URL":null,"defaultLocale":{"name":"Default","description":"The default theme.","creator":"Mozilla","homepageURL":null,"contributors":["Mozilla Contributors"]},"visible":true,"active":true,"userDisabled":false,"appDisabled":false,"descriptor":"C:\\Program Files (x86)\\Mozilla Firefox\\browser\\extensions\\{972ce4c6-7e08-4474-a285-3208198ce6fd}.xpi","installDate":1467216475471,"updateDate":1467216475471,"applyBackgroundUpdates":1,"skinnable":true,"size":22012,"sourceURI":null,"releaseNotesURI":null,"softDisabled":false,"foreignInstall":false,"hasBinaryComponents":false,"strictCompatibility":true,"locales":[],"targetApplications":[{"id":"{ec8030f7-c20a-464f-9b0e-13a3a9e97384}","minVersion":"47.0.1","maxVersion":"47.0.1"}],"targetPlatforms":[],"seen":true}
1467324514204	addons.xpi	DEBUG	getModTime: Recursive scan of {972ce4c6-7e08-4474-a285-3208198ce6fd}
1467324514205	DeferredSave.extensions.json	DEBUG	Save changes
1467324514205	addons.xpi	DEBUG	Updating database with changes to installed add-ons
1467324514205	addons.xpi-utils	DEBUG	Updating add-on states
1467324514205	addons.xpi-utils	DEBUG	Writing add-ons list
1467324514208	addons.xpi	DEBUG	Registering manifest for C:\Program Files (x86)\Mozilla Firefox\browser\features\e10srollout@mozilla.org.xpi
1467324514208	addons.xpi	DEBUG	Calling bootstrap method startup on e10srollout@mozilla.org version 1.0
1467324514208	addons.xpi	DEBUG	Registering manifest for C:\Program Files (x86)\Mozilla Firefox\browser\features\firefox@getpocket.com.xpi
1467324514209	addons.xpi	DEBUG	Calling bootstrap method startup on firefox@getpocket.com version 1.0.2
1467324514209	addons.xpi	DEBUG	Registering manifest for C:\Program Files (x86)\Mozilla Firefox\browser\features\loop@mozilla.org.xpi
1467324514210	addons.xpi	DEBUG	Calling bootstrap method startup on loop@mozilla.org version 1.3.2
1467324514224	addons.manager	DEBUG	Registering shutdown blocker for XPIProvider
1467324514224	addons.manager	DEBUG	Provider finished startup: XPIProvider
1467324514224	addons.manager	DEBUG	Starting provider: LightweightThemeManager
1467324514224	addons.manager	DEBUG	Registering shutdown blocker for LightweightThemeManager
1467324514225	addons.manager	DEBUG	Provider finished startup: LightweightThemeManager
1467324514225	addons.manager	DEBUG	Starting provider: GMPProvider
1467324514229	addons.manager	DEBUG	Registering shutdown blocker for GMPProvider
1467324514229	addons.manager	DEBUG	Provider finished startup: GMPProvider
1467324514229	addons.manager	DEBUG	Starting provider: PluginProvider
1467324514229	addons.manager	DEBUG	Registering shutdown blocker for PluginProvider
1467324514229	addons.manager	DEBUG	Provider finished startup: PluginProvider
1467324514229	addons.manager	DEBUG	Completed startup sequence
1467324515864	addons.manager	DEBUG	Starting provider: <unnamed-provider>
1467324515864	addons.manager	DEBUG	Registering shutdown blocker for <unnamed-provider>
1467324515864	addons.manager	DEBUG	Provider finished startup: <unnamed-provider>
1467324515865	DeferredSave.extensions.json	DEBUG	Starting write
1467324516110	addons.repository	DEBUG	No addons.json found.
1467324516111	DeferredSave.addons.json	DEBUG	Save changes
1467324516113	DeferredSave.addons.json	DEBUG	Starting timer
1467324516126	addons.manager	DEBUG	Starting provider: PreviousExperimentProvider
1467324516126	addons.manager	DEBUG	Registering shutdown blocker for PreviousExperimentProvider
1467324516126	addons.manager	DEBUG	Provider finished startup: PreviousExperimentProvider
1467324516127	DeferredSave.extensions.json	DEBUG	Write succeeded
1467324516128	addons.xpi-utils	DEBUG	XPI Database saved, setting schema version preference to 17
1467324516386	DeferredSave.addons.json	DEBUG	Starting write
1467324516401	DeferredSave.addons.json	DEBUG	Write succeeded

Build info: version: '2.53.0', revision: '35ae25b', time: '2016-03-15 16:57:40'
System info: host: 'DESKTOP-P610HGG', ip: '10.1.10.146', os.name: 'Windows 10', os.arch: 'amd64', os.version: '10.0', java.version: '1.8.0_92'
Driver info: driver.version: FirefoxDriver
	at org.openqa.selenium.firefox.internal.NewProfileExtensionConnection.start(NewProfileExtensionConnection.java:124)
	at org.openqa.selenium.firefox.FirefoxDriver.startClient(FirefoxDriver.java:271)
	at org.openqa.selenium.remote.RemoteWebDriver.<init>(RemoteWebDriver.java:119)
	at org.openqa.selenium.firefox.FirefoxDriver.<init>(FirefoxDriver.java:218)
	at org.openqa.selenium.firefox.FirefoxDriver.<init>(FirefoxDriver.java:211)
	at org.openqa.selenium.firefox.FirefoxDriver.<init>(FirefoxDriver.java:207)
	at org.openqa.selenium.firefox.FirefoxDriver.<init>(FirefoxDriver.java:120)
	at testPackage.QAAutomation1.verifyFirefox(QAAutomation1.java:26)
	at sun.reflect.NativeMethodAccessorImpl.invoke0(Native Method)
	at sun.reflect.NativeMethodAccessorImpl.invoke(Unknown Source)
	at sun.reflect.DelegatingMethodAccessorImpl.invoke(Unknown Source)
	at java.lang.reflect.Method.invoke(Unknown Source)
	at org.testng.internal.MethodInvocationHelper.invokeMethod(MethodInvocationHelper.java:85)
	at org.testng.internal.Invoker.invokeMethod(Invoker.java:639)
	at org.testng.internal.Invoker.invokeTestMethod(Invoker.java:816)
	at org.testng.internal.Invoker.invokeTestMethods(Invoker.java:1124)
	at org.testng.internal.TestMethodWorker.invokeTestMethods(TestMethodWorker.java:125)
	at org.testng.internal.TestMethodWorker.run(TestMethodWorker.java:108)
	at org.testng.TestRunner.privateRun(TestRunner.java:774)
	at org.testng.TestRunner.run(TestRunner.java:624)
	at org.testng.SuiteRunner.runTest(SuiteRunner.java:359)
	at org.testng.SuiteRunner.runSequentially(SuiteRunner.java:354)
	at org.testng.SuiteRunner.privateRun(SuiteRunner.java:312)
	at org.testng.SuiteRunner.run(SuiteRunner.java:261)
	at org.testng.SuiteRunnerWorker.runSuite(SuiteRunnerWorker.java:52)
	at org.testng.SuiteRunnerWorker.run(SuiteRunnerWorker.java:86)
	at org.testng.TestNG.runSuitesSequentially(TestNG.java:1215)
	at org.testng.TestNG.runSuitesLocally(TestNG.java:1140)
	at org.testng.TestNG.run(TestNG.java:1048)
	at org.testng.remote.AbstractRemoteTestNG.run(AbstractRemoteTestNG.java:126)
	at org.testng.remote.RemoteTestNG.initAndRun(RemoteTestNG.java:137)
	at org.testng.remote.RemoteTestNG.main(RemoteTestNG.java:58)
Caused by: org.openqa.selenium.firefox.NotConnectedException: Unable to connect to host 127.0.0.1 on port 7055 after 45000 ms. Firefox console output:
,"syncGUID":"0kKin0kbEKhS","location":"app-global","version":"47.0.1","type":"theme","internalName":"classic/1.0","updateURL":null,"updateKey":null,"optionsURL":null,"optionsType":null,"aboutURL":null,"icons":{"32":"icon.png","48":"icon.png"},"iconURL":null,"icon64URL":null,"defaultLocale":{"name":"Default","description":"The default theme.","creator":"Mozilla","homepageURL":null,"contributors":["Mozilla Contributors"]},"visible":true,"active":true,"userDisabled":false,"appDisabled":false,"descriptor":"C:\\Program Files (x86)\\Mozilla Firefox\\browser\\extensions\\{972ce4c6-7e08-4474-a285-3208198ce6fd}.xpi","installDate":1467216475471,"updateDate":1467216475471,"applyBackgroundUpdates":1,"skinnable":true,"size":22012,"sourceURI":null,"releaseNotesURI":null,"softDisabled":false,"foreignInstall":false,"hasBinaryComponents":false,"strictCompatibility":true,"locales":[],"targetApplications":[{"id":"{ec8030f7-c20a-464f-9b0e-13a3a9e97384}","minVersion":"47.0.1","maxVersion":"47.0.1"}],"targetPlatforms":[],"seen":true}
1467324514204	addons.xpi	DEBUG	getModTime: Recursive scan of {972ce4c6-7e08-4474-a285-3208198ce6fd}
1467324514205	DeferredSave.extensions.json	DEBUG	Save changes
1467324514205	addons.xpi	DEBUG	Updating database with changes to installed add-ons
1467324514205	addons.xpi-utils	DEBUG	Updating add-on states
1467324514205	addons.xpi-utils	DEBUG	Writing add-ons list
1467324514208	addons.xpi	DEBUG	Registering manifest for C:\Program Files (x86)\Mozilla Firefox\browser\features\e10srollout@mozilla.org.xpi
1467324514208	addons.xpi	DEBUG	Calling bootstrap method startup on e10srollout@mozilla.org version 1.0
1467324514208	addons.xpi	DEBUG	Registering manifest for C:\Program Files (x86)\Mozilla Firefox\browser\features\firefox@getpocket.com.xpi
1467324514209	addons.xpi	DEBUG	Calling bootstrap method startup on firefox@getpocket.com version 1.0.2
1467324514209	addons.xpi	DEBUG	Registering manifest for C:\Program Files (x86)\Mozilla Firefox\browser\features\loop@mozilla.org.xpi
1467324514210	addons.xpi	DEBUG	Calling bootstrap method startup on loop@mozilla.org version 1.3.2
1467324514224	addons.manager	DEBUG	Registering shutdown blocker for XPIProvider
1467324514224	addons.manager	DEBUG	Provider finished startup: XPIProvider
1467324514224	addons.manager	DEBUG	Starting provider: LightweightThemeManager
1467324514224	addons.manager	DEBUG	Registering shutdown blocker for LightweightThemeManager
1467324514225	addons.manager	DEBUG	Provider finished startup: LightweightThemeManager
1467324514225	addons.manager	DEBUG	Starting provider: GMPProvider
1467324514229	addons.manager	DEBUG	Registering shutdown blocker for GMPProvider
1467324514229	addons.manager	DEBUG	Provider finished startup: GMPProvider
1467324514229	addons.manager	DEBUG	Starting provider: PluginProvider
1467324514229	addons.manager	DEBUG	Registering shutdown blocker for PluginProvider
1467324514229	addons.manager	DEBUG	Provider finished startup: PluginProvider
1467324514229	addons.manager	DEBUG	Completed startup sequence
1467324515864	addons.manager	DEBUG	Starting provider: <unnamed-provider>
1467324515864	addons.manager	DEBUG	Registering shutdown blocker for <unnamed-provider>
1467324515864	addons.manager	DEBUG	Provider finished startup: <unnamed-provider>
1467324515865	DeferredSave.extensions.json	DEBUG	Starting write
1467324516110	addons.repository	DEBUG	No addons.json found.
1467324516111	DeferredSave.addons.json	DEBUG	Save changes
1467324516113	DeferredSave.addons.json	DEBUG	Starting timer
1467324516126	addons.manager	DEBUG	Starting provider: PreviousExperimentProvider
1467324516126	addons.manager	DEBUG	Registering shutdown blocker for PreviousExperimentProvider
1467324516126	addons.manager	DEBUG	Provider finished startup: PreviousExperimentProvider
1467324516127	DeferredSave.extensions.json	DEBUG	Write succeeded
1467324516128	addons.xpi-utils	DEBUG	XPI Database saved, setting schema version preference to 17
1467324516386	DeferredSave.addons.json	DEBUG	Starting write
1467324516401	DeferredSave.addons.json	DEBUG	Write succeeded

	at org.openqa.selenium.firefox.internal.NewProfileExtensionConnection.start(NewProfileExtensionConnection.java:112)
	... 31 more
]]>
            </full-stacktrace>
          </exception> <!-- org.openqa.selenium.WebDriverException -->
          <reporter-output>
          </reporter-output>
        </test-method> <!-- verifyFirefox -->
        <test-method status="FAIL" signature="verifyIE()[pri:0, instance:testPackage.QAAutomation1@5442a311]" name="verifyIE" duration-ms="1971" started-at="2016-06-30T16:09:19Z" finished-at="2016-06-30T16:09:21Z">
          <exception class="org.openqa.selenium.remote.SessionNotFoundException">
            <message>
              <![CDATA[Unexpected error launching Internet Explorer. Browser zoom level was set to 125%. It should be set to 100% (WARNING: The server did not provide any stacktrace information)
Command duration or timeout: 1.96 seconds
Build info: version: '2.53.0', revision: '35ae25b', time: '2016-03-15 16:57:40'
System info: host: 'DESKTOP-P610HGG', ip: '10.1.10.146', os.name: 'Windows 10', os.arch: 'amd64', os.version: '10.0', java.version: '1.8.0_92'
Driver info: org.openqa.selenium.ie.InternetExplorerDriver]]>
            </message>
            <full-stacktrace>
              <![CDATA[org.openqa.selenium.remote.SessionNotFoundException: Unexpected error launching Internet Explorer. Browser zoom level was set to 125%. It should be set to 100% (WARNING: The server did not provide any stacktrace information)
Command duration or timeout: 1.96 seconds
Build info: version: '2.53.0', revision: '35ae25b', time: '2016-03-15 16:57:40'
System info: host: 'DESKTOP-P610HGG', ip: '10.1.10.146', os.name: 'Windows 10', os.arch: 'amd64', os.version: '10.0', java.version: '1.8.0_92'
Driver info: org.openqa.selenium.ie.InternetExplorerDriver
	at sun.reflect.NativeConstructorAccessorImpl.newInstance0(Native Method)
	at sun.reflect.NativeConstructorAccessorImpl.newInstance(Unknown Source)
	at sun.reflect.DelegatingConstructorAccessorImpl.newInstance(Unknown Source)
	at java.lang.reflect.Constructor.newInstance(Unknown Source)
	at org.openqa.selenium.remote.ErrorHandler.createThrowable(ErrorHandler.java:206)
	at org.openqa.selenium.remote.ErrorHandler.throwIfResponseFailed(ErrorHandler.java:158)
	at org.openqa.selenium.remote.RemoteWebDriver.execute(RemoteWebDriver.java:678)
	at org.openqa.selenium.remote.RemoteWebDriver.startSession(RemoteWebDriver.java:249)
	at org.openqa.selenium.remote.RemoteWebDriver.startSession(RemoteWebDriver.java:234)
	at org.openqa.selenium.ie.InternetExplorerDriver.run(InternetExplorerDriver.java:182)
	at org.openqa.selenium.ie.InternetExplorerDriver.<init>(InternetExplorerDriver.java:174)
	at org.openqa.selenium.ie.InternetExplorerDriver.<init>(InternetExplorerDriver.java:146)
	at testPackage.QAAutomation1.verifyIE(QAAutomation1.java:56)
	at sun.reflect.NativeMethodAccessorImpl.invoke0(Native Method)
	at sun.reflect.NativeMethodAccessorImpl.invoke(Unknown Source)
	at sun.reflect.DelegatingMethodAccessorImpl.invoke(Unknown Source)
	at java.lang.reflect.Method.invoke(Unknown Source)
	at org.testng.internal.MethodInvocationHelper.invokeMethod(MethodInvocationHelper.java:85)
	at org.testng.internal.Invoker.invokeMethod(Invoker.java:639)
	at org.testng.internal.Invoker.invokeTestMethod(Invoker.java:816)
	at org.testng.internal.Invoker.invokeTestMethods(Invoker.java:1124)
	at org.testng.internal.TestMethodWorker.invokeTestMethods(TestMethodWorker.java:125)
	at org.testng.internal.TestMethodWorker.run(TestMethodWorker.java:108)
	at org.testng.TestRunner.privateRun(TestRunner.java:774)
	at org.testng.TestRunner.run(TestRunner.java:624)
	at org.testng.SuiteRunner.runTest(SuiteRunner.java:359)
	at org.testng.SuiteRunner.runSequentially(SuiteRunner.java:354)
	at org.testng.SuiteRunner.privateRun(SuiteRunner.java:312)
	at org.testng.SuiteRunner.run(SuiteRunner.java:261)
	at org.testng.SuiteRunnerWorker.runSuite(SuiteRunnerWorker.java:52)
	at org.testng.SuiteRunnerWorker.run(SuiteRunnerWorker.java:86)
	at org.testng.TestNG.runSuitesSequentially(TestNG.java:1215)
	at org.testng.TestNG.runSuitesLocally(TestNG.java:1140)
	at org.testng.TestNG.run(TestNG.java:1048)
	at org.testng.remote.AbstractRemoteTestNG.run(AbstractRemoteTestNG.java:126)
	at org.testng.remote.RemoteTestNG.initAndRun(RemoteTestNG.java:137)
	at org.testng.remote.RemoteTestNG.main(RemoteTestNG.java:58)
]]>
            </full-stacktrace>
          </exception> <!-- org.openqa.selenium.remote.SessionNotFoundException -->
          <reporter-output>
          </reporter-output>
        </test-method> <!-- verifyIE -->
      </class> <!-- testPackage.QAAutomation1 -->
    </test> <!-- Default test -->
  </suite> <!-- Default suite -->
</testng-results>
