<?xml version="1.0" encoding="UTF-8"?>
<!-- Generated by org.testng.reporters.JUnitReportReporter -->
<testsuite hostname="DESKTOP-P610HGG" name="testPackage.QAAutomation1" tests="3" failures="0" timestamp="30 Jun 2016 22:09:21 GMT" time="56.365" errors="2">
  <testcase name="verifyChrome" time="7.979" classname="testPackage.QAAutomation1"/>
  <testcase name="verifyIE" time="1.971" classname="testPackage.QAAutomation1">
    <error type="org.openqa.selenium.remote.SessionNotFoundException" message="Unexpected error launching Internet Explorer. Browser zoom level was set to 125%. It should be set to 100% (WARNING: The server did not provide any stacktrace information)
Command duration or timeout: 1.96 seconds
Build info: version: &#039;2.53.0&#039;, revision: &#039;35ae25b&#039;, time: &#039;2016-03-15 16:57:40&#039;
System info: host: &#039;DESKTOP-P610HGG&#039;, ip: &#039;10.1.10.146&#039;, os.name: &#039;Windows 10&#039;, os.arch: &#039;amd64&#039;, os.version: &#039;10.0&#039;, java.version: &#039;1.8.0_92&#039;
Driver info: org.openqa.selenium.ie.InternetExplorerDriver">
      <![CDATA[org.openqa.selenium.remote.SessionNotFoundException: Unexpected error launching Internet Explorer. Browser zoom level was set to 125%. It should be set to 100% (WARNING: The server did not provide any stacktrace information)
Command duration or timeout: 1.96 seconds
Build info: version: '2.53.0', revision: '35ae25b', time: '2016-03-15 16:57:40'
System info: host: 'DESKTOP-P610HGG', ip: '10.1.10.146', os.name: 'Windows 10', os.arch: 'amd64', os.version: '10.0', java.version: '1.8.0_92'
Driver info: org.openqa.selenium.ie.InternetExplorerDriver
	at sun.reflect.NativeConstructorAccessorImpl.newInstance0(Native Method)
	at sun.reflect.NativeConstructorAccessorImpl.newInstance(Unknown Source)
	at sun.reflect.DelegatingConstructorAccessorImpl.newInstance(Unknown Source)
	at java.lang.reflect.Constructor.newInstance(Unknown Source)
	at org.openqa.selenium.remote.ErrorHandler.createThrowable(ErrorHandler.java:206)
	at org.openqa.selenium.remote.ErrorHandler.throwIfResponseFailed(ErrorHandler.java:158)
	at org.openqa.selenium.remote.RemoteWebDriver.execute(RemoteWebDriver.java:678)
	at org.openqa.selenium.remote.RemoteWebDriver.startSession(RemoteWebDriver.java:249)
	at org.openqa.selenium.remote.RemoteWebDriver.startSession(RemoteWebDriver.java:234)
	at org.openqa.selenium.ie.InternetExplorerDriver.run(InternetExplorerDriver.java:182)
	at org.openqa.selenium.ie.InternetExplorerDriver.<init>(InternetExplorerDriver.java:174)
	at org.openqa.selenium.ie.InternetExplorerDriver.<init>(InternetExplorerDriver.java:146)
	at testPackage.QAAutomation1.verifyIE(QAAutomation1.java:56)
	at sun.reflect.NativeMethodAccessorImpl.invoke0(Native Method)
	at sun.reflect.NativeMethodAccessorImpl.invoke(Unknown Source)
	at sun.reflect.DelegatingMethodAccessorImpl.invoke(Unknown Source)
	at java.lang.reflect.Method.invoke(Unknown Source)
	at org.testng.internal.MethodInvocationHelper.invokeMethod(MethodInvocationHelper.java:85)
	at org.testng.internal.Invoker.invokeMethod(Invoker.java:639)
	at org.testng.internal.Invoker.invokeTestMethod(Invoker.java:816)
	at org.testng.internal.Invoker.invokeTestMethods(Invoker.java:1124)
	at org.testng.internal.TestMethodWorker.invokeTestMethods(TestMethodWorker.java:125)
	at org.testng.internal.TestMethodWorker.run(TestMethodWorker.java:108)
	at org.testng.TestRunner.privateRun(TestRunner.java:774)
	at org.testng.TestRunner.run(TestRunner.java:624)
	at org.testng.SuiteRunner.runTest(SuiteRunner.java:359)
	at org.testng.SuiteRunner.runSequentially(SuiteRunner.java:354)
	at org.testng.SuiteRunner.privateRun(SuiteRunner.java:312)
	at org.testng.SuiteRunner.run(SuiteRunner.java:261)
	at org.testng.SuiteRunnerWorker.runSuite(SuiteRunnerWorker.java:52)
	at org.testng.SuiteRunnerWorker.run(SuiteRunnerWorker.java:86)
	at org.testng.TestNG.runSuitesSequentially(TestNG.java:1215)
	at org.testng.TestNG.runSuitesLocally(TestNG.java:1140)
	at org.testng.TestNG.run(TestNG.java:1048)
	at org.testng.remote.AbstractRemoteTestNG.run(AbstractRemoteTestNG.java:126)
	at org.testng.remote.RemoteTestNG.initAndRun(RemoteTestNG.java:137)
	at org.testng.remote.RemoteTestNG.main(RemoteTestNG.java:58)
]]>
    </error>
  </testcase> <!-- verifyIE -->
  <testcase name="verifyFirefox" time="46.415" classname="testPackage.QAAutomation1">
    <error type="org.openqa.selenium.WebDriverException" message="Failed to connect to binary FirefoxBinary(C:\Program Files (x86)\Mozilla Firefox\firefox.exe) on port 7055; process output follows: 
,&quot;syncGUID&quot;:&quot;0kKin0kbEKhS&quot;,&quot;location&quot;:&quot;app-global&quot;,&quot;version&quot;:&quot;47.0.1&quot;,&quot;type&quot;:&quot;theme&quot;,&quot;internalName&quot;:&quot;classic/1.0&quot;,&quot;updateURL&quot;:null,&quot;updateKey&quot;:null,&quot;optionsURL&quot;:null,&quot;optionsType&quot;:null,&quot;aboutURL&quot;:null,&quot;icons&quot;:{&quot;32&quot;:&quot;icon.png&quot;,&quot;48&quot;:&quot;icon.png&quot;},&quot;iconURL&quot;:null,&quot;icon64URL&quot;:null,&quot;defaultLocale&quot;:{&quot;name&quot;:&quot;Default&quot;,&quot;description&quot;:&quot;The default theme.&quot;,&quot;creator&quot;:&quot;Mozilla&quot;,&quot;homepageURL&quot;:null,&quot;contributors&quot;:[&quot;Mozilla Contributors&quot;]},&quot;visible&quot;:true,&quot;active&quot;:true,&quot;userDisabled&quot;:false,&quot;appDisabled&quot;:false,&quot;descriptor&quot;:&quot;C:\\Program Files (x86)\\Mozilla Firefox\\browser\\extensions\\{972ce4c6-7e08-4474-a285-3208198ce6fd}.xpi&quot;,&quot;installDate&quot;:1467216475471,&quot;updateDate&quot;:1467216475471,&quot;applyBackgroundUpdates&quot;:1,&quot;skinnable&quot;:true,&quot;size&quot;:22012,&quot;sourceURI&quot;:null,&quot;releaseNotesURI&quot;:null,&quot;softDisabled&quot;:false,&quot;foreignInstall&quot;:false,&quot;hasBinaryComponents&quot;:false,&quot;strictCompatibility&quot;:true,&quot;locales&quot;:[],&quot;targetApplications&quot;:[{&quot;id&quot;:&quot;{ec8030f7-c20a-464f-9b0e-13a3a9e97384}&quot;,&quot;minVersion&quot;:&quot;47.0.1&quot;,&quot;maxVersion&quot;:&quot;47.0.1&quot;}],&quot;targetPlatforms&quot;:[],&quot;seen&quot;:true}
1467324514204	addons.xpi	DEBUG	getModTime: Recursive scan of {972ce4c6-7e08-4474-a285-3208198ce6fd}
1467324514205	DeferredSave.extensions.json	DEBUG	Save changes
1467324514205	addons.xpi	DEBUG	Updating database with changes to installed add-ons
1467324514205	addons.xpi-utils	DEBUG	Updating add-on states
1467324514205	addons.xpi-utils	DEBUG	Writing add-ons list
1467324514208	addons.xpi	DEBUG	Registering manifest for C:\Program Files (x86)\Mozilla Firefox\browser\features\e10srollout@mozilla.org.xpi
1467324514208	addons.xpi	DEBUG	Calling bootstrap method startup on e10srollout@mozilla.org version 1.0
1467324514208	addons.xpi	DEBUG	Registering manifest for C:\Program Files (x86)\Mozilla Firefox\browser\features\firefox@getpocket.com.xpi
1467324514209	addons.xpi	DEBUG	Calling bootstrap method startup on firefox@getpocket.com version 1.0.2
1467324514209	addons.xpi	DEBUG	Registering manifest for C:\Program Files (x86)\Mozilla Firefox\browser\features\loop@mozilla.org.xpi
1467324514210	addons.xpi	DEBUG	Calling bootstrap method startup on loop@mozilla.org version 1.3.2
1467324514224	addons.manager	DEBUG	Registering shutdown blocker for XPIProvider
1467324514224	addons.manager	DEBUG	Provider finished startup: XPIProvider
1467324514224	addons.manager	DEBUG	Starting provider: LightweightThemeManager
1467324514224	addons.manager	DEBUG	Registering shutdown blocker for LightweightThemeManager
1467324514225	addons.manager	DEBUG	Provider finished startup: LightweightThemeManager
1467324514225	addons.manager	DEBUG	Starting provider: GMPProvider
1467324514229	addons.manager	DEBUG	Registering shutdown blocker for GMPProvider
1467324514229	addons.manager	DEBUG	Provider finished startup: GMPProvider
1467324514229	addons.manager	DEBUG	Starting provider: PluginProvider
1467324514229	addons.manager	DEBUG	Registering shutdown blocker for PluginProvider
1467324514229	addons.manager	DEBUG	Provider finished startup: PluginProvider
1467324514229	addons.manager	DEBUG	Completed startup sequence
1467324515864	addons.manager	DEBUG	Starting provider: &lt;unnamed-provider&gt;
1467324515864	addons.manager	DEBUG	Registering shutdown blocker for &lt;unnamed-provider&gt;
1467324515864	addons.manager	DEBUG	Provider finished startup: &lt;unnamed-provider&gt;
1467324515865	DeferredSave.extensions.json	DEBUG	Starting write
1467324516110	addons.repository	DEBUG	No addons.json found.
1467324516111	DeferredSave.addons.json	DEBUG	Save changes
1467324516113	DeferredSave.addons.json	DEBUG	Starting timer
1467324516126	addons.manager	DEBUG	Starting provider: PreviousExperimentProvider
1467324516126	addons.manager	DEBUG	Registering shutdown blocker for PreviousExperimentProvider
1467324516126	addons.manager	DEBUG	Provider finished startup: PreviousExperimentProvider
1467324516127	DeferredSave.extensions.json	DEBUG	Write succeeded
1467324516128	addons.xpi-utils	DEBUG	XPI Database saved, setting schema version preference to 17
1467324516386	DeferredSave.addons.json	DEBUG	Starting write
1467324516401	DeferredSave.addons.json	DEBUG	Write succeeded

Build info: version: &#039;2.53.0&#039;, revision: &#039;35ae25b&#039;, time: &#039;2016-03-15 16:57:40&#039;
System info: host: &#039;DESKTOP-P610HGG&#039;, ip: &#039;10.1.10.146&#039;, os.name: &#039;Windows 10&#039;, os.arch: &#039;amd64&#039;, os.version: &#039;10.0&#039;, java.version: &#039;1.8.0_92&#039;
Driver info: driver.version: FirefoxDriver">
      <![CDATA[org.openqa.selenium.WebDriverException: Failed to connect to binary FirefoxBinary(C:\Program Files (x86)\Mozilla Firefox\firefox.exe) on port 7055; process output follows: 
,"syncGUID":"0kKin0kbEKhS","location":"app-global","version":"47.0.1","type":"theme","internalName":"classic/1.0","updateURL":null,"updateKey":null,"optionsURL":null,"optionsType":null,"aboutURL":null,"icons":{"32":"icon.png","48":"icon.png"},"iconURL":null,"icon64URL":null,"defaultLocale":{"name":"Default","description":"The default theme.","creator":"Mozilla","homepageURL":null,"contributors":["Mozilla Contributors"]},"visible":true,"active":true,"userDisabled":false,"appDisabled":false,"descriptor":"C:\\Program Files (x86)\\Mozilla Firefox\\browser\\extensions\\{972ce4c6-7e08-4474-a285-3208198ce6fd}.xpi","installDate":1467216475471,"updateDate":1467216475471,"applyBackgroundUpdates":1,"skinnable":true,"size":22012,"sourceURI":null,"releaseNotesURI":null,"softDisabled":false,"foreignInstall":false,"hasBinaryComponents":false,"strictCompatibility":true,"locales":[],"targetApplications":[{"id":"{ec8030f7-c20a-464f-9b0e-13a3a9e97384}","minVersion":"47.0.1","maxVersion":"47.0.1"}],"targetPlatforms":[],"seen":true}
1467324514204	addons.xpi	DEBUG	getModTime: Recursive scan of {972ce4c6-7e08-4474-a285-3208198ce6fd}
1467324514205	DeferredSave.extensions.json	DEBUG	Save changes
1467324514205	addons.xpi	DEBUG	Updating database with changes to installed add-ons
1467324514205	addons.xpi-utils	DEBUG	Updating add-on states
1467324514205	addons.xpi-utils	DEBUG	Writing add-ons list
1467324514208	addons.xpi	DEBUG	Registering manifest for C:\Program Files (x86)\Mozilla Firefox\browser\features\e10srollout@mozilla.org.xpi
1467324514208	addons.xpi	DEBUG	Calling bootstrap method startup on e10srollout@mozilla.org version 1.0
1467324514208	addons.xpi	DEBUG	Registering manifest for C:\Program Files (x86)\Mozilla Firefox\browser\features\firefox@getpocket.com.xpi
1467324514209	addons.xpi	DEBUG	Calling bootstrap method startup on firefox@getpocket.com version 1.0.2
1467324514209	addons.xpi	DEBUG	Registering manifest for C:\Program Files (x86)\Mozilla Firefox\browser\features\loop@mozilla.org.xpi
1467324514210	addons.xpi	DEBUG	Calling bootstrap method startup on loop@mozilla.org version 1.3.2
1467324514224	addons.manager	DEBUG	Registering shutdown blocker for XPIProvider
1467324514224	addons.manager	DEBUG	Provider finished startup: XPIProvider
1467324514224	addons.manager	DEBUG	Starting provider: LightweightThemeManager
1467324514224	addons.manager	DEBUG	Registering shutdown blocker for LightweightThemeManager
1467324514225	addons.manager	DEBUG	Provider finished startup: LightweightThemeManager
1467324514225	addons.manager	DEBUG	Starting provider: GMPProvider
1467324514229	addons.manager	DEBUG	Registering shutdown blocker for GMPProvider
1467324514229	addons.manager	DEBUG	Provider finished startup: GMPProvider
1467324514229	addons.manager	DEBUG	Starting provider: PluginProvider
1467324514229	addons.manager	DEBUG	Registering shutdown blocker for PluginProvider
1467324514229	addons.manager	DEBUG	Provider finished startup: PluginProvider
1467324514229	addons.manager	DEBUG	Completed startup sequence
1467324515864	addons.manager	DEBUG	Starting provider: <unnamed-provider>
1467324515864	addons.manager	DEBUG	Registering shutdown blocker for <unnamed-provider>
1467324515864	addons.manager	DEBUG	Provider finished startup: <unnamed-provider>
1467324515865	DeferredSave.extensions.json	DEBUG	Starting write
1467324516110	addons.repository	DEBUG	No addons.json found.
1467324516111	DeferredSave.addons.json	DEBUG	Save changes
1467324516113	DeferredSave.addons.json	DEBUG	Starting timer
1467324516126	addons.manager	DEBUG	Starting provider: PreviousExperimentProvider
1467324516126	addons.manager	DEBUG	Registering shutdown blocker for PreviousExperimentProvider
1467324516126	addons.manager	DEBUG	Provider finished startup: PreviousExperimentProvider
1467324516127	DeferredSave.extensions.json	DEBUG	Write succeeded
1467324516128	addons.xpi-utils	DEBUG	XPI Database saved, setting schema version preference to 17
1467324516386	DeferredSave.addons.json	DEBUG	Starting write
1467324516401	DeferredSave.addons.json	DEBUG	Write succeeded

Build info: version: '2.53.0', revision: '35ae25b', time: '2016-03-15 16:57:40'
System info: host: 'DESKTOP-P610HGG', ip: '10.1.10.146', os.name: 'Windows 10', os.arch: 'amd64', os.version: '10.0', java.version: '1.8.0_92'
Driver info: driver.version: FirefoxDriver
	at org.openqa.selenium.firefox.internal.NewProfileExtensionConnection.start(NewProfileExtensionConnection.java:124)
	at org.openqa.selenium.firefox.FirefoxDriver.startClient(FirefoxDriver.java:271)
	at org.openqa.selenium.remote.RemoteWebDriver.<init>(RemoteWebDriver.java:119)
	at org.openqa.selenium.firefox.FirefoxDriver.<init>(FirefoxDriver.java:218)
	at org.openqa.selenium.firefox.FirefoxDriver.<init>(FirefoxDriver.java:211)
	at org.openqa.selenium.firefox.FirefoxDriver.<init>(FirefoxDriver.java:207)
	at org.openqa.selenium.firefox.FirefoxDriver.<init>(FirefoxDriver.java:120)
	at testPackage.QAAutomation1.verifyFirefox(QAAutomation1.java:26)
	at sun.reflect.NativeMethodAccessorImpl.invoke0(Native Method)
	at sun.reflect.NativeMethodAccessorImpl.invoke(Unknown Source)
	at sun.reflect.DelegatingMethodAccessorImpl.invoke(Unknown Source)
	at java.lang.reflect.Method.invoke(Unknown Source)
	at org.testng.internal.MethodInvocationHelper.invokeMethod(MethodInvocationHelper.java:85)
	at org.testng.internal.Invoker.invokeMethod(Invoker.java:639)
	at org.testng.internal.Invoker.invokeTestMethod(Invoker.java:816)
	at org.testng.internal.Invoker.invokeTestMethods(Invoker.java:1124)
	at org.testng.internal.TestMethodWorker.invokeTestMethods(TestMethodWorker.java:125)
	at org.testng.internal.TestMethodWorker.run(TestMethodWorker.java:108)
	at org.testng.TestRunner.privateRun(TestRunner.java:774)
	at org.testng.TestRunner.run(TestRunner.java:624)
	at org.testng.SuiteRunner.runTest(SuiteRunner.java:359)
	at org.testng.SuiteRunner.runSequentially(SuiteRunner.java:354)
	at org.testng.SuiteRunner.privateRun(SuiteRunner.java:312)
	at org.testng.SuiteRunner.run(SuiteRunner.java:261)
	at org.testng.SuiteRunnerWorker.runSuite(SuiteRunnerWorker.java:52)
	at org.testng.SuiteRunnerWorker.run(SuiteRunnerWorker.java:86)
	at org.testng.TestNG.runSuitesSequentially(TestNG.java:1215)
	at org.testng.TestNG.runSuitesLocally(TestNG.java:1140)
	at org.testng.TestNG.run(TestNG.java:1048)
	at org.testng.remote.AbstractRemoteTestNG.run(AbstractRemoteTestNG.java:126)
	at org.testng.remote.RemoteTestNG.initAndRun(RemoteTestNG.java:137)
	at org.testng.remote.RemoteTestNG.main(RemoteTestNG.java:58)
Caused by: org.openqa.selenium.firefox.NotConnectedException: Unable to connect to host 127.0.0.1 on port 7055 after 45000 ms. Firefox console output:
,"syncGUID":"0kKin0kbEKhS","location":"app-global","version":"47.0.1","type":"theme","internalName":"classic/1.0","updateURL":null,"updateKey":null,"optionsURL":null,"optionsType":null,"aboutURL":null,"icons":{"32":"icon.png","48":"icon.png"},"iconURL":null,"icon64URL":null,"defaultLocale":{"name":"Default","description":"The default theme.","creator":"Mozilla","homepageURL":null,"contributors":["Mozilla Contributors"]},"visible":true,"active":true,"userDisabled":false,"appDisabled":false,"descriptor":"C:\\Program Files (x86)\\Mozilla Firefox\\browser\\extensions\\{972ce4c6-7e08-4474-a285-3208198ce6fd}.xpi","installDate":1467216475471,"updateDate":1467216475471,"applyBackgroundUpdates":1,"skinnable":true,"size":22012,"sourceURI":null,"releaseNotesURI":null,"softDisabled":false,"foreignInstall":false,"hasBinaryComponents":false,"strictCompatibility":true,"locales":[],"targetApplications":[{"id":"{ec8030f7-c20a-464f-9b0e-13a3a9e97384}","minVersion":"47.0.1","maxVersion":"47.0.1"}],"targetPlatforms":[],"seen":true}
1467324514204	addons.xpi	DEBUG	getModTime: Recursive scan of {972ce4c6-7e08-4474-a285-3208198ce6fd}
1467324514205	DeferredSave.extensions.json	DEBUG	Save changes
1467324514205	addons.xpi	DEBUG	Updating database with changes to installed add-ons
1467324514205	addons.xpi-utils	DEBUG	Updating add-on states
1467324514205	addons.xpi-utils	DEBUG	Writing add-ons list
1467324514208	addons.xpi	DEBUG	Registering manifest for C:\Program Files (x86)\Mozilla Firefox\browser\features\e10srollout@mozilla.org.xpi
1467324514208	addons.xpi	DEBUG	Calling bootstrap method startup on e10srollout@mozilla.org version 1.0
1467324514208	addons.xpi	DEBUG	Registering manifest for C:\Program Files (x86)\Mozilla Firefox\browser\features\firefox@getpocket.com.xpi
1467324514209	addons.xpi	DEBUG	Calling bootstrap method startup on firefox@getpocket.com version 1.0.2
1467324514209	addons.xpi	DEBUG	Registering manifest for C:\Program Files (x86)\Mozilla Firefox\browser\features\loop@mozilla.org.xpi
1467324514210	addons.xpi	DEBUG	Calling bootstrap method startup on loop@mozilla.org version 1.3.2
1467324514224	addons.manager	DEBUG	Registering shutdown blocker for XPIProvider
1467324514224	addons.manager	DEBUG	Provider finished startup: XPIProvider
1467324514224	addons.manager	DEBUG	Starting provider: LightweightThemeManager
1467324514224	addons.manager	DEBUG	Registering shutdown blocker for LightweightThemeManager
1467324514225	addons.manager	DEBUG	Provider finished startup: LightweightThemeManager
1467324514225	addons.manager	DEBUG	Starting provider: GMPProvider
1467324514229	addons.manager	DEBUG	Registering shutdown blocker for GMPProvider
1467324514229	addons.manager	DEBUG	Provider finished startup: GMPProvider
1467324514229	addons.manager	DEBUG	Starting provider: PluginProvider
1467324514229	addons.manager	DEBUG	Registering shutdown blocker for PluginProvider
1467324514229	addons.manager	DEBUG	Provider finished startup: PluginProvider
1467324514229	addons.manager	DEBUG	Completed startup sequence
1467324515864	addons.manager	DEBUG	Starting provider: <unnamed-provider>
1467324515864	addons.manager	DEBUG	Registering shutdown blocker for <unnamed-provider>
1467324515864	addons.manager	DEBUG	Provider finished startup: <unnamed-provider>
1467324515865	DeferredSave.extensions.json	DEBUG	Starting write
1467324516110	addons.repository	DEBUG	No addons.json found.
1467324516111	DeferredSave.addons.json	DEBUG	Save changes
1467324516113	DeferredSave.addons.json	DEBUG	Starting timer
1467324516126	addons.manager	DEBUG	Starting provider: PreviousExperimentProvider
1467324516126	addons.manager	DEBUG	Registering shutdown blocker for PreviousExperimentProvider
1467324516126	addons.manager	DEBUG	Provider finished startup: PreviousExperimentProvider
1467324516127	DeferredSave.extensions.json	DEBUG	Write succeeded
1467324516128	addons.xpi-utils	DEBUG	XPI Database saved, setting schema version preference to 17
1467324516386	DeferredSave.addons.json	DEBUG	Starting write
1467324516401	DeferredSave.addons.json	DEBUG	Write succeeded

	at org.openqa.selenium.firefox.internal.NewProfileExtensionConnection.start(NewProfileExtensionConnection.java:112)
	... 31 more
]]>
    </error>
  </testcase> <!-- verifyFirefox -->
</testsuite> <!-- testPackage.QAAutomation1 -->
